<?xml version="1.0" encoding="UTF-8"?>
<!-- Generated by org.testng.reporters.JUnitReportReporter -->
<testsuite hostname="SHREE" failures="0" tests="6" name="api.test.DataDriven_UserTest" time="13.440" errors="0" timestamp="2024-10-09T12:53:35 IST" skipped="0">
  <testcase classname="api.test.DataDriven_UserTest" name="testPostUser" time="1.758"/>
  <testcase classname="api.test.DataDriven_UserTest" name="testPostUser" time="4.418"/>
  <testcase classname="api.test.DataDriven_UserTest" name="testPostUser" time="1.820"/>
  <testcase classname="api.test.DataDriven_UserTest" name="testDeleteByUser" time="1.876"/>
  <testcase classname="api.test.DataDriven_UserTest" name="testDeleteByUser" time="1.758"/>
  <testcase classname="api.test.DataDriven_UserTest" name="testDeleteByUser" time="1.810"/>
</testsuite> <!-- api.test.DataDriven_UserTest -->
