<?xml version="1.0" encoding="UTF-8"?>
<!-- Generated by org.testng.reporters.JUnitReportReporter -->
<testsuite hostname="SHREE" failures="0" tests="4" name="api.test.UserTest" time="10.411" errors="0" timestamp="2024-10-18T16:56:10 IST" skipped="0">
  <testcase classname="api.test.UserTest" name="testPostUser" time="3.966"/>
  <testcase classname="api.test.UserTest" name="testGetUserByName" time="1.662"/>
  <testcase classname="api.test.UserTest" name="testUpdateUserByName" time="3.188"/>
  <testcase classname="api.test.UserTest" name="testDeleteUserByName" time="1.595"/>
</testsuite> <!-- api.test.UserTest -->
